<?xml version="1.0" encoding="UTF-8"?>
<!-- Generated by org.testng.reporters.JUnitXMLReporter -->
<testsuite hostname="DESKTOP-I7J6NN2" name="Test" tests="4" failures="0" timestamp="18 Aug 2023 18:42:52 GMT" time="0.051" errors="0">
  <testcase name="register" time="0.017" classname="com.automation.testcase.Register"/>
  <testcase name="openBrowser" time="0.001" classname="com.automation.testcase.Login"/>
  <testcase name="validateUser" time="0.002" classname="com.automation.testcase.Login"/>
  <testcase name="loginUser" time="0.002" classname="com.automation.testcase.Login"/>
</testsuite> <!-- Test -->
