<?xml version="1.0" encoding="UTF-8"?>
<!-- Generated by org.testng.reporters.JUnitXMLReporter -->
<testsuite hostname="DESKTOP-I7J6NN2" name="Test" tests="4" failures="0" timestamp="11 Sep 2023 18:05:39 GMT" time="11.922" errors="0">
  <testcase name="openBrowser" time="10.809" classname="com.automation.testcase.Login"/>
  <testcase name="validateUser" time="1.095" classname="com.automation.testcase.Login"/>
  <testcase name="loginUser" time="0.0" classname="com.automation.testcase.Login"/>
  <testcase name="register" time="0.0" classname="com.automation.testcase.Register"/>
</testsuite> <!-- Test -->
