<?xml version="1.0" encoding="UTF-8"?>
<testsuite xmlns:xsi="http://www.w3.org/2001/XMLSchema-instance" xsi:schemaLocation="https://maven.apache.org/surefire/maven-surefire-plugin/xsd/surefire-test-report.xsd" name="TestSuite" time="14.045" tests="4" errors="0" skipped="0" failures="0">
  <properties>
[...]
</properties>
  <testcase name="openBrowser" classname="com.automation.testcase.Login" time="10.954"/>
  <testcase name="validateUser" classname="com.automation.testcase.Login" time="0.937"/>
  <testcase name="loginUser" classname="com.automation.testcase.Login" time="0.001"/>
  <testcase name="register" classname="com.automation.testcase.Register" time="0"/>
</testsuite>