<?xml version="1.0" encoding="UTF-8"?>
<testng-results skipped="0" failed="0" total="1" passed="1">
  <reporter-output>
  </reporter-output>
  <suite name="Default suite" duration-ms="702" started-at="2023-09-21T18:51:13Z" finished-at="2023-09-21T18:51:14Z">
    <groups>
    </groups>
    <test name="Default test" duration-ms="702" started-at="2023-09-21T18:51:13Z" finished-at="2023-09-21T18:51:14Z">
      <class name="com.facebook.testcases.LoginTestCase">
        <test-method status="PASS" signature="browserSetUp()[pri:0, instance:com.facebook.testcases.LoginTestCase@96def03]" name="browserSetUp" is-config="true" duration-ms="5288" started-at="2023-09-22T00:21:08Z" finished-at="2023-09-22T00:21:13Z">
          <reporter-output>
          </reporter-output>
        </test-method> <!-- browserSetUp -->
        <test-method status="PASS" signature="pageInit()[pri:0, instance:com.facebook.testcases.LoginTestCase@96def03]" name="pageInit" is-config="true" duration-ms="1" started-at="2023-09-22T00:21:13Z" finished-at="2023-09-22T00:21:13Z">
          <reporter-output>
          </reporter-output>
        </test-method> <!-- pageInit -->
        <test-method status="PASS" signature="loginTest()[pri:0, instance:com.facebook.testcases.LoginTestCase@96def03]" name="loginTest" duration-ms="679" started-at="2023-09-22T00:21:13Z" finished-at="2023-09-22T00:21:14Z">
          <reporter-output>
          </reporter-output>
        </test-method> <!-- loginTest -->
      </class> <!-- com.facebook.testcases.LoginTestCase -->
    </test> <!-- Default test -->
  </suite> <!-- Default suite -->
</testng-results>
